[Sun May 24 19:06:45.267813 2020] [core:warn] [pid 4360:tid 784] AH00098: pid file C:/Apache24/logs/httpd.pid overwritten -- Unclean shutdown of previous Apache run?
PHP Warning:  PHP Startup: Failed to load C:\\PHP\\ext\\php_mysqli, \xd0\x9d\xd0\xb5 \xd1\x83\xd0\xb4\xd0\xb0\xd0\xb5\xd1\x82\xd1\x81\xd1\x8f \xd0\xbd\xd0\xb0\xd0\xb9\xd1\x82\xd0\xb8 \xd1\x83\xd0\xba\xd0\xb0\xd0\xb7\xd0\xb0\xd0\xbd\xd0\xbd\xd1\x8b\xd0\xb9 \xd1\x84\xd0\xb0\xd0\xb9\xd0\xbb.\r\n in Unknown on line 0
PHP Warning:  PHP Startup: Unable to load dynamic library 'php-mysqli.dll' (tried: C:\\PHP\\ext\\php-mysqli.dll (\xd0\x9d\xd0\xb5 \xd0\xbd\xd0\xb0\xd0\xb9\xd0\xb4\xd0\xb5\xd0\xbd \xd1\x83\xd0\xba\xd0\xb0\xd0\xb7\xd0\xb0\xd0\xbd\xd0\xbd\xd1\x8b\xd0\xb9 \xd0\xbc\xd0\xbe\xd0\xb4\xd1\x83\xd0\xbb\xd1\x8c.), C:\\PHP\\ext\\php_php-mysqli.dll.dll (\xd0\x9d\xd0\xb5 \xd0\xbd\xd0\xb0\xd0\xb9\xd0\xb4\xd0\xb5\xd0\xbd \xd1\x83\xd0\xba\xd0\xb0\xd0\xb7\xd0\xb0\xd0\xbd\xd0\xbd\xd1\x8b\xd0\xb9 \xd0\xbc\xd0\xbe\xd0\xb4\xd1\x83\xd0\xbb\xd1\x8c.)) in Unknown on line 0
[Sun May 24 19:06:45.414956 2020] [mpm_winnt:notice] [pid 4360:tid 784] AH00455: Apache/2.4.43 (Win64) PHP/7.4.3 configured -- resuming normal operations
[Sun May 24 19:06:45.414956 2020] [mpm_winnt:notice] [pid 4360:tid 784] AH00456: Apache Lounge VS16 Server built: Mar 31 2020 16:01:02
[Sun May 24 19:06:45.414956 2020] [core:notice] [pid 4360:tid 784] AH00094: Command line: 'C:\\Apache24\\bin\\httpd.exe -d C:/Apache24'
[Sun May 24 19:06:45.414956 2020] [mpm_winnt:notice] [pid 4360:tid 784] AH00418: Parent: Created child process 5332
PHP Warning:  PHP Startup: Failed to load C:\\PHP\\ext\\php_mysqli, \xd0\x9d\xd0\xb5 \xd1\x83\xd0\xb4\xd0\xb0\xd0\xb5\xd1\x82\xd1\x81\xd1\x8f \xd0\xbd\xd0\xb0\xd0\xb9\xd1\x82\xd0\xb8 \xd1\x83\xd0\xba\xd0\xb0\xd0\xb7\xd0\xb0\xd0\xbd\xd0\xbd\xd1\x8b\xd0\xb9 \xd1\x84\xd0\xb0\xd0\xb9\xd0\xbb.\r\n in Unknown on line 0
PHP Warning:  PHP Startup: Unable to load dynamic library 'php-mysqli.dll' (tried: C:\\PHP\\ext\\php-mysqli.dll (\xd0\x9d\xd0\xb5 \xd0\xbd\xd0\xb0\xd0\xb9\xd0\xb4\xd0\xb5\xd0\xbd \xd1\x83\xd0\xba\xd0\xb0\xd0\xb7\xd0\xb0\xd0\xbd\xd0\xbd\xd1\x8b\xd0\xb9 \xd0\xbc\xd0\xbe\xd0\xb4\xd1\x83\xd0\xbb\xd1\x8c.), C:\\PHP\\ext\\php_php-mysqli.dll.dll (\xd0\x9d\xd0\xb5 \xd0\xbd\xd0\xb0\xd0\xb9\xd0\xb4\xd0\xb5\xd0\xbd \xd1\x83\xd0\xba\xd0\xb0\xd0\xb7\xd0\xb0\xd0\xbd\xd0\xbd\xd1\x8b\xd0\xb9 \xd0\xbc\xd0\xbe\xd0\xb4\xd1\x83\xd0\xbb\xd1\x8c.)) in Unknown on line 0
[Sun May 24 19:06:47.109749 2020] [mpm_winnt:notice] [pid 5332:tid 664] AH00354: Child: Starting 64 worker threads.
[Mon May 25 01:16:16.607359 2020] [php7:notice] [pid 5332:tid 1180] [client ::1:50796] PHP Notice:  Undefined offset: 2 in C:\\localhost\\1111.php on line 25
[Mon May 25 01:16:16.708301 2020] [php7:notice] [pid 5332:tid 1180] [client ::1:50796] PHP Notice:  Undefined offset: 2 in C:\\localhost\\1111.php on line 25
[Mon May 25 01:16:16.708301 2020] [php7:notice] [pid 5332:tid 1180] [client ::1:50796] PHP Notice:  Undefined offset: 2 in C:\\localhost\\1111.php on line 25
[Mon May 25 01:16:16.708301 2020] [php7:notice] [pid 5332:tid 1180] [client ::1:50796] PHP Notice:  Undefined offset: 2 in C:\\localhost\\1111.php on line 25
[Mon May 25 14:50:05.207364 2020] [php7:notice] [pid 5332:tid 1180] [client ::1:52509] PHP Notice:  Undefined offset: 27 in C:\\localhost\\1111.php on line 25
[Mon May 25 14:50:05.251450 2020] [php7:notice] [pid 5332:tid 1180] [client ::1:52509] PHP Notice:  Undefined offset: 27 in C:\\localhost\\1111.php on line 25
[Mon May 25 14:50:05.251450 2020] [php7:notice] [pid 5332:tid 1180] [client ::1:52509] PHP Notice:  Undefined offset: 27 in C:\\localhost\\1111.php on line 25
[Mon May 25 14:50:05.251450 2020] [php7:notice] [pid 5332:tid 1180] [client ::1:52509] PHP Notice:  Undefined offset: 27 in C:\\localhost\\1111.php on line 25
[Mon May 25 15:18:40.286954 2020] [php7:error] [pid 5332:tid 1180] [client ::1:52695] script 'C:/localhost/select_user.php' not found or unable to stat, referer: http://localhost:8080/POISK.html
[Mon May 25 15:28:41.005911 2020] [php7:error] [pid 5332:tid 1172] [client ::1:52819] script 'C:/localhost/select_user.php' not found or unable to stat, referer: http://localhost:8080/POISK.html
[Mon May 25 17:54:54.223159 2020] [php7:error] [pid 5332:tid 1180] [client ::1:54609] PHP Parse error:  syntax error, unexpected '\xd0\x9f\xd0\xbe\xd0\xbb\xd1\x8c\xd0\xb7\xd0\xbe\xd0\xb2\xd0\xb0\xd1\x82\xd0\xb5\xd0\xbb\xd1\x8f' (T_STRING), expecting ')' in C:\\localhost\\select_user.php on line 27, referer: http://localhost:8080/POISK.html
[Mon May 25 18:39:18.580433 2020] [php7:error] [pid 5332:tid 1180] [client ::1:55078] PHP Parse error:  syntax error, unexpected '<' in C:\\localhost\\select_user.php on line 21, referer: http://localhost:8080/POISK.html
[Mon May 25 19:08:25.706016 2020] [php7:error] [pid 5332:tid 1172] [client ::1:55286] PHP Parse error:  syntax error, unexpected '<' in C:\\localhost\\select_user.php on line 22, referer: http://localhost:8080/POISK.html
[Mon May 25 19:11:09.642982 2020] [php7:error] [pid 5332:tid 1180] [client ::1:55307] PHP Parse error:  syntax error, unexpected '<' in C:\\localhost\\select_user.php on line 22, referer: http://localhost:8080/POISK.html
[Mon May 25 19:11:33.160682 2020] [php7:error] [pid 5332:tid 1180] [client ::1:55311] PHP Parse error:  syntax error, unexpected ''Date_of_birth] . \r' (T_ENCAPSED_AND_WHITESPACE), expecting ']' in C:\\localhost\\select_user.php on line 25, referer: http://localhost:8080/POISK.html
[Mon May 25 19:12:00.201820 2020] [php7:error] [pid 5332:tid 1180] [client ::1:55313] PHP Parse error:  syntax error, unexpected '<' in C:\\localhost\\select_user.php on line 26, referer: http://localhost:8080/POISK.html
[Mon May 25 19:12:18.542103 2020] [php7:error] [pid 5332:tid 1172] [client ::1:55330] PHP Fatal error:  Uncaught Error: Call to undefined function mysql_query() in C:\\localhost\\select_user.php:17\nStack trace:\n#0 {main}\n  thrown in C:\\localhost\\select_user.php on line 17, referer: http://localhost:8080/POISK.html
[Mon May 25 19:14:07.345246 2020] [php7:error] [pid 5332:tid 1180] [client ::1:55338] PHP Fatal error:  Uncaught Error: Call to undefined function mysql_query() in C:\\localhost\\select_user.php:17\nStack trace:\n#0 {main}\n  thrown in C:\\localhost\\select_user.php on line 17, referer: http://localhost:8080/POISK.html
[Mon May 25 19:22:15.163673 2020] [php7:error] [pid 5332:tid 1172] [client ::1:55398] PHP Fatal error:  Uncaught Error: Call to undefined function mysql_query() in C:\\localhost\\select_user.php:16\nStack trace:\n#0 {main}\n  thrown in C:\\localhost\\select_user.php on line 16, referer: http://localhost:8080/POISK.html
[Mon May 25 19:28:07.873832 2020] [php7:error] [pid 5332:tid 1172] [client ::1:55429] PHP Fatal error:  Uncaught Error: Call to undefined function mysql_query() in C:\\localhost\\select_user.php:16\nStack trace:\n#0 {main}\n  thrown in C:\\localhost\\select_user.php on line 16, referer: http://localhost:8080/POISK.html
[Mon May 25 19:28:55.340134 2020] [php7:error] [pid 5332:tid 1172] [client ::1:55433] PHP Fatal error:  Uncaught Error: Call to undefined function mysql_query() in C:\\localhost\\select_user.php:16\nStack trace:\n#0 {main}\n  thrown in C:\\localhost\\select_user.php on line 16, referer: http://localhost:8080/POISK.html
[Mon May 25 19:30:51.973012 2020] [php7:error] [pid 5332:tid 1180] [client ::1:55445] PHP Fatal error:  Uncaught Error: Call to undefined function mysql_query() in C:\\localhost\\select_user.php:16\nStack trace:\n#0 {main}\n  thrown in C:\\localhost\\select_user.php on line 16, referer: http://localhost:8080/POISK.html
[Mon May 25 19:30:55.165700 2020] [php7:error] [pid 5332:tid 1180] [client ::1:55445] PHP Fatal error:  Uncaught Error: Call to undefined function mysql_query() in C:\\localhost\\select_user.php:16\nStack trace:\n#0 {main}\n  thrown in C:\\localhost\\select_user.php on line 16, referer: http://localhost:8080/POISK.html
[Mon May 25 19:31:07.237949 2020] [php7:error] [pid 5332:tid 1172] [client ::1:55446] PHP Fatal error:  Uncaught Error: Call to undefined function mysql_query() in C:\\localhost\\select_user.php:16\nStack trace:\n#0 {main}\n  thrown in C:\\localhost\\select_user.php on line 16, referer: http://localhost:8080/POISK.html
[Mon May 25 19:32:54.246869 2020] [php7:error] [pid 5332:tid 1180] [client ::1:55458] PHP Fatal error:  Uncaught Error: Call to undefined function mysql_query() in C:\\localhost\\select_user.php:20\nStack trace:\n#0 {main}\n  thrown in C:\\localhost\\select_user.php on line 20, referer: http://localhost:8080/POISK.html
[Mon May 25 19:46:05.326601 2020] [php7:error] [pid 5332:tid 1180] [client ::1:55666] PHP Fatal error:  Uncaught Error: Call to undefined function mysql_query() in C:\\localhost\\select_user.php:20\nStack trace:\n#0 {main}\n  thrown in C:\\localhost\\select_user.php on line 20, referer: http://localhost:8080/POISK.html
[Mon May 25 19:47:19.887906 2020] [php7:error] [pid 5332:tid 1180] [client ::1:55681] PHP Fatal error:  Uncaught Error: Call to undefined function mysql_query() in C:\\localhost\\select_user.php:22\nStack trace:\n#0 {main}\n  thrown in C:\\localhost\\select_user.php on line 22, referer: http://localhost:8080/POISK.html
[Mon May 25 19:47:53.428513 2020] [php7:warn] [pid 5332:tid 1172] [client ::1:55687] PHP Warning:  mysqli_query() expects at least 2 parameters, 1 given in C:\\localhost\\select_user.php on line 22, referer: http://localhost:8080/POISK.html
[Mon May 25 19:47:53.508046 2020] [php7:warn] [pid 5332:tid 1172] [client ::1:55687] PHP Warning:  mysqli_fetch_array() expects parameter 1 to be mysqli_result, null given in C:\\localhost\\select_user.php on line 23, referer: http://localhost:8080/POISK.html
[Mon May 25 19:50:09.289907 2020] [php7:warn] [pid 5332:tid 1180] [client ::1:55701] PHP Warning:  mysqli_query() expects at least 2 parameters, 1 given in C:\\localhost\\select_user.php on line 22, referer: http://localhost:8080/POISK.html
[Mon May 25 19:50:09.290899 2020] [php7:warn] [pid 5332:tid 1180] [client ::1:55701] PHP Warning:  mysqli_fetch_array() expects parameter 1 to be mysqli_result, null given in C:\\localhost\\select_user.php on line 23, referer: http://localhost:8080/POISK.html
[Mon May 25 19:59:02.460030 2020] [php7:warn] [pid 5332:tid 1172] [client ::1:55724] PHP Warning:  mysqli_query() expects at least 2 parameters, 1 given in C:\\localhost\\select_user.php on line 22, referer: http://localhost:8080/POISK.html
[Mon May 25 19:59:02.460030 2020] [php7:warn] [pid 5332:tid 1172] [client ::1:55724] PHP Warning:  mysqli_fetch_array() expects parameter 1 to be mysqli_result, null given in C:\\localhost\\select_user.php on line 23, referer: http://localhost:8080/POISK.html
[Mon May 25 20:22:06.163057 2020] [php7:warn] [pid 5332:tid 1172] [client ::1:55964] PHP Warning:  mysqli_query() expects at least 2 parameters, 1 given in C:\\localhost\\select_user.php on line 22, referer: http://localhost:8080/POISK.html
[Mon May 25 20:22:06.163057 2020] [php7:warn] [pid 5332:tid 1172] [client ::1:55964] PHP Warning:  mysqli_fetch_array() expects parameter 1 to be mysqli_result, null given in C:\\localhost\\select_user.php on line 23, referer: http://localhost:8080/POISK.html
[Mon May 25 20:22:09.767480 2020] [php7:warn] [pid 5332:tid 1172] [client ::1:55966] PHP Warning:  mysqli_query() expects at least 2 parameters, 1 given in C:\\localhost\\select_user.php on line 22, referer: http://localhost:8080/POISK.html
[Mon May 25 20:22:09.767480 2020] [php7:warn] [pid 5332:tid 1172] [client ::1:55966] PHP Warning:  mysqli_fetch_array() expects parameter 1 to be mysqli_result, null given in C:\\localhost\\select_user.php on line 23, referer: http://localhost:8080/POISK.html
[Mon May 25 20:28:28.058860 2020] [php7:warn] [pid 5332:tid 1180] [client ::1:55999] PHP Warning:  mysqli_query() expects at least 2 parameters, 1 given in C:\\localhost\\select_user.php on line 22, referer: http://localhost:8080/POISK.html
[Mon May 25 20:28:28.058860 2020] [php7:warn] [pid 5332:tid 1180] [client ::1:55999] PHP Warning:  mysqli_fetch_array() expects parameter 1 to be mysqli_result, null given in C:\\localhost\\select_user.php on line 23, referer: http://localhost:8080/POISK.html
[Mon May 25 20:29:36.768117 2020] [php7:warn] [pid 5332:tid 1180] [client ::1:56007] PHP Warning:  mysqli_query() expects at least 2 parameters, 1 given in C:\\localhost\\select_user.php on line 23, referer: http://localhost:8080/POISK.html
[Mon May 25 20:29:36.768117 2020] [php7:warn] [pid 5332:tid 1180] [client ::1:56007] PHP Warning:  mysqli_fetch_array() expects parameter 1 to be mysqli_result, null given in C:\\localhost\\select_user.php on line 24, referer: http://localhost:8080/POISK.html
[Mon May 25 20:29:52.221063 2020] [php7:error] [pid 5332:tid 1180] [client ::1:56010] PHP Fatal error:  Uncaught Error: Call to undefined function mysql_query() in C:\\localhost\\select_user.php:23\nStack trace:\n#0 {main}\n  thrown in C:\\localhost\\select_user.php on line 23, referer: http://localhost:8080/POISK.html
[Mon May 25 20:29:56.040293 2020] [php7:error] [pid 5332:tid 1180] [client ::1:56010] PHP Fatal error:  Uncaught Error: Call to undefined function mysql_query() in C:\\localhost\\select_user.php:23\nStack trace:\n#0 {main}\n  thrown in C:\\localhost\\select_user.php on line 23, referer: http://localhost:8080/POISK.html
[Mon May 25 20:30:38.333731 2020] [php7:warn] [pid 5332:tid 1172] [client ::1:56051] PHP Warning:  mysqli_query() expects at least 2 parameters, 1 given in C:\\localhost\\select_user.php on line 23, referer: http://localhost:8080/POISK.html
[Mon May 25 20:30:38.333731 2020] [php7:warn] [pid 5332:tid 1172] [client ::1:56051] PHP Warning:  mysqli_fetch_array() expects parameter 1 to be mysqli_result, null given in C:\\localhost\\select_user.php on line 24, referer: http://localhost:8080/POISK.html
[Mon May 25 21:23:42.146561 2020] [php7:notice] [pid 5332:tid 1180] [client ::1:56310] PHP Notice:  Undefined variable: connect in C:\\localhost\\select_user.php on line 23, referer: http://localhost:8080/POISK.html
[Mon May 25 21:23:42.146561 2020] [php7:warn] [pid 5332:tid 1180] [client ::1:56310] PHP Warning:  mysqli_query() expects parameter 1 to be mysqli, string given in C:\\localhost\\select_user.php on line 23, referer: http://localhost:8080/POISK.html
[Mon May 25 21:23:42.146561 2020] [php7:warn] [pid 5332:tid 1180] [client ::1:56310] PHP Warning:  mysqli_fetch_array() expects parameter 1 to be mysqli_result, null given in C:\\localhost\\select_user.php on line 24, referer: http://localhost:8080/POISK.html
[Mon May 25 21:34:12.968995 2020] [php7:notice] [pid 5332:tid 1172] [client ::1:56365] PHP Notice:  Undefined variable: connect in C:\\localhost\\select_user.php on line 23, referer: http://localhost:8080/POISK.html
[Mon May 25 21:34:12.969986 2020] [php7:warn] [pid 5332:tid 1172] [client ::1:56365] PHP Warning:  mysqli_query() expects parameter 1 to be mysqli, null given in C:\\localhost\\select_user.php on line 23, referer: http://localhost:8080/POISK.html
[Mon May 25 21:34:12.969986 2020] [php7:warn] [pid 5332:tid 1172] [client ::1:56365] PHP Warning:  mysqli_fetch_array() expects parameter 1 to be mysqli_result, null given in C:\\localhost\\select_user.php on line 24, referer: http://localhost:8080/POISK.html
[Mon May 25 21:34:43.993233 2020] [php7:notice] [pid 5332:tid 1180] [client ::1:56390] PHP Notice:  Undefined variable: connect in C:\\localhost\\select_user.php on line 23, referer: http://localhost:8080/POISK.html
[Mon May 25 21:34:43.993233 2020] [php7:warn] [pid 5332:tid 1180] [client ::1:56390] PHP Warning:  mysqli_query() expects parameter 1 to be mysqli, null given in C:\\localhost\\select_user.php on line 23, referer: http://localhost:8080/POISK.html
[Mon May 25 21:34:43.993233 2020] [php7:warn] [pid 5332:tid 1180] [client ::1:56390] PHP Warning:  mysqli_fetch_array() expects parameter 1 to be mysqli_result, null given in C:\\localhost\\select_user.php on line 24, referer: http://localhost:8080/POISK.html
[Mon May 25 22:32:39.290811 2020] [php7:notice] [pid 5332:tid 1180] [client ::1:56590] PHP Notice:  Undefined variable: connect in C:\\localhost\\select_user.php on line 23, referer: http://localhost:8080/POISK.html
[Mon May 25 22:32:39.291810 2020] [php7:warn] [pid 5332:tid 1180] [client ::1:56590] PHP Warning:  mysqli_query() expects parameter 1 to be mysqli, null given in C:\\localhost\\select_user.php on line 23, referer: http://localhost:8080/POISK.html
[Mon May 25 22:32:39.291810 2020] [php7:warn] [pid 5332:tid 1180] [client ::1:56590] PHP Warning:  mysqli_fetch_array() expects parameter 1 to be mysqli_result, null given in C:\\localhost\\select_user.php on line 24, referer: http://localhost:8080/POISK.html
